<?xml version="1.0" encoding="UTF-8"?>
<!-- Generated by org.testng.reporters.JUnitXMLReporter -->
<testsuite ignored="0" hostname="DESKTOP-PS5UK1D" failures="0" tests="14" name="Test" time="15.158" errors="0" timestamp="2023-02-28T12:55:57 IST">
  <testcase classname="cucumber_bdd.StepDefinition" name="applicatin_type_is_single" time="3.523"/>
  <testcase classname="cucumber_bdd.StepDefinition" name="enter_number_of_dependants" time="1.422"/>
  <testcase classname="cucumber_bdd.StepDefinition" name="click_on_home_to_live_in" time="0.195"/>
  <testcase classname="cucumber_bdd.StepDefinition" name="enter_the_annual_income" time="0.902"/>
  <testcase classname="cucumber_bdd.StepDefinition" name="enter_the_other_income" time="0.688"/>
  <testcase classname="cucumber_bdd.StepDefinition" name="enter_the_monthly_living_expenses" time="0.582"/>
  <testcase classname="cucumber_bdd.StepDefinition" name="enter_the_current_home_loan_monthly_repayments" time="0.396"/>
  <testcase classname="cucumber_bdd.StepDefinition" name="enter_the_other_loan_monthly_repayments" time="0.355"/>
  <testcase classname="cucumber_bdd.StepDefinition" name="enter_the_other_monthly_commitments" time="0.484"/>
  <testcase classname="cucumber_bdd.StepDefinition" name="enter_the_total_credit_card_limits" time="0.664"/>
  <testcase classname="cucumber_bdd.StepDefinition" name="click_the_button_work_out_how_much_i_could_borrow" time="0.394"/>
  <testcase classname="cucumber_bdd.StepDefinition" name="clears_the_form_details" time="3.434"/>
  <testcase classname="cucumber_bdd.StepDefinition" name="enter_only_1_for_living_expenses" time="0.477"/>
  <testcase classname="cucumber_bdd.StepDefinition" name="click_the_button_work_out_how_much_i_could_borrow_and_validate_the_message" time="1.297"/>
</testsuite> <!-- Test -->
