<?xml version="1.0" encoding="UTF-8"?>
<testng-results ignored="0" total="14" passed="14" failed="0" skipped="0">
  <reporter-output>
  </reporter-output>
  <suite started-at="2023-02-28T12:55:42 IST" name="Suite" finished-at="2023-02-28T12:55:57 IST" duration-ms="15158">
    <groups>
    </groups>
    <test started-at="2023-02-28T12:55:42 IST" name="Test" finished-at="2023-02-28T12:55:57 IST" duration-ms="15158">
      <class name="cucumber_bdd.StepDefinition">
        <test-method is-config="true" signature="initializeBrowser()[pri:0, instance:cucumber_bdd.StepDefinition@51bf5add]" started-at="2023-02-28T12:55:18 IST" name="initializeBrowser" finished-at="2023-02-28T12:55:42 IST" duration-ms="24043" status="PASS">
          <reporter-output>
          </reporter-output>
        </test-method> <!-- initializeBrowser -->
        <test-method signature="applicatin_type_is_single()[pri:1, instance:cucumber_bdd.StepDefinition@51bf5add]" started-at="2023-02-28T12:55:42 IST" name="applicatin_type_is_single" finished-at="2023-02-28T12:55:45 IST" duration-ms="3523" status="PASS">
          <reporter-output>
          </reporter-output>
        </test-method> <!-- applicatin_type_is_single -->
        <test-method signature="enter_number_of_dependants()[pri:2, instance:cucumber_bdd.StepDefinition@51bf5add]" started-at="2023-02-28T12:55:45 IST" name="enter_number_of_dependants" finished-at="2023-02-28T12:55:47 IST" duration-ms="1422" status="PASS">
          <reporter-output>
          </reporter-output>
        </test-method> <!-- enter_number_of_dependants -->
        <test-method signature="click_on_home_to_live_in()[pri:3, instance:cucumber_bdd.StepDefinition@51bf5add]" started-at="2023-02-28T12:55:47 IST" name="click_on_home_to_live_in" finished-at="2023-02-28T12:55:47 IST" duration-ms="195" status="PASS">
          <reporter-output>
          </reporter-output>
        </test-method> <!-- click_on_home_to_live_in -->
        <test-method signature="enter_the_annual_income()[pri:4, instance:cucumber_bdd.StepDefinition@51bf5add]" started-at="2023-02-28T12:55:47 IST" name="enter_the_annual_income" finished-at="2023-02-28T12:55:48 IST" duration-ms="902" status="PASS">
          <reporter-output>
          </reporter-output>
        </test-method> <!-- enter_the_annual_income -->
        <test-method signature="enter_the_other_income()[pri:5, instance:cucumber_bdd.StepDefinition@51bf5add]" started-at="2023-02-28T12:55:48 IST" name="enter_the_other_income" finished-at="2023-02-28T12:55:49 IST" duration-ms="688" status="PASS">
          <reporter-output>
          </reporter-output>
        </test-method> <!-- enter_the_other_income -->
        <test-method signature="enter_the_monthly_living_expenses()[pri:6, instance:cucumber_bdd.StepDefinition@51bf5add]" started-at="2023-02-28T12:55:49 IST" name="enter_the_monthly_living_expenses" finished-at="2023-02-28T12:55:49 IST" duration-ms="582" status="PASS">
          <reporter-output>
          </reporter-output>
        </test-method> <!-- enter_the_monthly_living_expenses -->
        <test-method signature="enter_the_current_home_loan_monthly_repayments()[pri:7, instance:cucumber_bdd.StepDefinition@51bf5add]" started-at="2023-02-28T12:55:49 IST" name="enter_the_current_home_loan_monthly_repayments" finished-at="2023-02-28T12:55:50 IST" duration-ms="396" status="PASS">
          <reporter-output>
          </reporter-output>
        </test-method> <!-- enter_the_current_home_loan_monthly_repayments -->
        <test-method signature="enter_the_other_loan_monthly_repayments()[pri:8, instance:cucumber_bdd.StepDefinition@51bf5add]" started-at="2023-02-28T12:55:50 IST" name="enter_the_other_loan_monthly_repayments" finished-at="2023-02-28T12:55:50 IST" duration-ms="355" status="PASS">
          <reporter-output>
          </reporter-output>
        </test-method> <!-- enter_the_other_loan_monthly_repayments -->
        <test-method signature="enter_the_other_monthly_commitments()[pri:9, instance:cucumber_bdd.StepDefinition@51bf5add]" started-at="2023-02-28T12:55:50 IST" name="enter_the_other_monthly_commitments" finished-at="2023-02-28T12:55:51 IST" duration-ms="484" status="PASS">
          <reporter-output>
          </reporter-output>
        </test-method> <!-- enter_the_other_monthly_commitments -->
        <test-method signature="enter_the_total_credit_card_limits()[pri:10, instance:cucumber_bdd.StepDefinition@51bf5add]" started-at="2023-02-28T12:55:51 IST" name="enter_the_total_credit_card_limits" finished-at="2023-02-28T12:55:51 IST" duration-ms="664" status="PASS">
          <reporter-output>
          </reporter-output>
        </test-method> <!-- enter_the_total_credit_card_limits -->
        <test-method signature="click_the_button_work_out_how_much_i_could_borrow()[pri:11, instance:cucumber_bdd.StepDefinition@51bf5add]" started-at="2023-02-28T12:55:51 IST" name="click_the_button_work_out_how_much_i_could_borrow" finished-at="2023-02-28T12:55:52 IST" duration-ms="394" status="PASS">
          <reporter-output>
          </reporter-output>
        </test-method> <!-- click_the_button_work_out_how_much_i_could_borrow -->
        <test-method signature="clears_the_form_details()[pri:12, instance:cucumber_bdd.StepDefinition@51bf5add]" started-at="2023-02-28T12:55:52 IST" name="clears_the_form_details" finished-at="2023-02-28T12:55:55 IST" duration-ms="3434" status="PASS">
          <reporter-output>
          </reporter-output>
        </test-method> <!-- clears_the_form_details -->
        <test-method signature="enter_only_1_for_living_expenses()[pri:13, instance:cucumber_bdd.StepDefinition@51bf5add]" started-at="2023-02-28T12:55:55 IST" name="enter_only_1_for_living_expenses" finished-at="2023-02-28T12:55:56 IST" duration-ms="477" status="PASS">
          <reporter-output>
          </reporter-output>
        </test-method> <!-- enter_only_1_for_living_expenses -->
        <test-method signature="click_the_button_work_out_how_much_i_could_borrow_and_validate_the_message()[pri:14, instance:cucumber_bdd.StepDefinition@51bf5add]" started-at="2023-02-28T12:55:56 IST" name="click_the_button_work_out_how_much_i_could_borrow_and_validate_the_message" finished-at="2023-02-28T12:55:57 IST" duration-ms="1297" status="PASS">
          <reporter-output>
          </reporter-output>
        </test-method> <!-- click_the_button_work_out_how_much_i_could_borrow_and_validate_the_message -->
        <test-method is-config="true" signature="tearDown()[pri:0, instance:cucumber_bdd.StepDefinition@51bf5add]" started-at="2023-02-28T12:55:57 IST" name="tearDown" finished-at="2023-02-28T12:56:01 IST" duration-ms="3850" status="PASS">
          <reporter-output>
          </reporter-output>
        </test-method> <!-- tearDown -->
      </class> <!-- cucumber_bdd.StepDefinition -->
    </test> <!-- Test -->
  </suite> <!-- Suite -->
</testng-results>
